c:\users\fguimond\source\repos\tp2\pdcurs36\x64\debug\pdcurs36.pdb
c:\users\fguimond\source\repos\tp2\pdcurs36\x64\debug\pdcurs36.idb
c:\users\fguimond\source\repos\tp2\pdcurs36\x64\debug\pad.obj
c:\users\fguimond\source\repos\tp2\pdcurs36\x64\debug\panel.obj
c:\users\fguimond\source\repos\tp2\pdcurs36\x64\debug\printw.obj
c:\users\fguimond\source\repos\tp2\pdcurs36\x64\debug\refresh.obj
c:\users\fguimond\source\repos\tp2\pdcurs36\x64\debug\scanw.obj
c:\users\fguimond\source\repos\tp2\pdcurs36\x64\debug\scroll.obj
c:\users\fguimond\source\repos\tp2\pdcurs36\x64\debug\scr_dump.obj
c:\users\fguimond\source\repos\tp2\pdcurs36\x64\debug\slk.obj
c:\users\fguimond\source\repos\tp2\pdcurs36\x64\debug\termattr.obj
c:\users\fguimond\source\repos\tp2\pdcurs36\x64\debug\terminfo.obj
c:\users\fguimond\source\repos\tp2\pdcurs36\x64\debug\touch.obj
c:\users\fguimond\source\repos\tp2\pdcurs36\x64\debug\util.obj
c:\users\fguimond\source\repos\tp2\pdcurs36\x64\debug\window.obj
c:\users\fguimond\source\repos\tp2\pdcurs36\x64\debug\pdcclip.obj
c:\users\fguimond\source\repos\tp2\pdcurs36\x64\debug\pdcdisp.obj
c:\users\fguimond\source\repos\tp2\pdcurs36\x64\debug\pdcgetsc.obj
c:\users\fguimond\source\repos\tp2\pdcurs36\x64\debug\pdckbd.obj
c:\users\fguimond\source\repos\tp2\pdcurs36\x64\debug\pdcscrn.obj
c:\users\fguimond\source\repos\tp2\pdcurs36\x64\debug\pdcsetsc.obj
c:\users\fguimond\source\repos\tp2\pdcurs36\x64\debug\pdcutil.obj
c:\users\fguimond\source\repos\tp2\pdcurs36\x64\debug\debug.obj
c:\users\fguimond\source\repos\tp2\pdcurs36\x64\debug\delch.obj
c:\users\fguimond\source\repos\tp2\pdcurs36\x64\debug\deleteln.obj
c:\users\fguimond\source\repos\tp2\pdcurs36\x64\debug\deprec.obj
c:\users\fguimond\source\repos\tp2\pdcurs36\x64\debug\getch.obj
c:\users\fguimond\source\repos\tp2\pdcurs36\x64\debug\getstr.obj
c:\users\fguimond\source\repos\tp2\pdcurs36\x64\debug\getyx.obj
c:\users\fguimond\source\repos\tp2\pdcurs36\x64\debug\inch.obj
c:\users\fguimond\source\repos\tp2\pdcurs36\x64\debug\inchstr.obj
c:\users\fguimond\source\repos\tp2\pdcurs36\x64\debug\initscr.obj
c:\users\fguimond\source\repos\tp2\pdcurs36\x64\debug\inopts.obj
c:\users\fguimond\source\repos\tp2\pdcurs36\x64\debug\insch.obj
c:\users\fguimond\source\repos\tp2\pdcurs36\x64\debug\insstr.obj
c:\users\fguimond\source\repos\tp2\pdcurs36\x64\debug\instr.obj
c:\users\fguimond\source\repos\tp2\pdcurs36\x64\debug\kernel.obj
c:\users\fguimond\source\repos\tp2\pdcurs36\x64\debug\keyname.obj
c:\users\fguimond\source\repos\tp2\pdcurs36\x64\debug\mouse.obj
c:\users\fguimond\source\repos\tp2\pdcurs36\x64\debug\move.obj
c:\users\fguimond\source\repos\tp2\pdcurs36\x64\debug\outopts.obj
c:\users\fguimond\source\repos\tp2\pdcurs36\x64\debug\overlay.obj
c:\users\fguimond\source\repos\tp2\pdcurs36\x64\debug\addch.obj
c:\users\fguimond\source\repos\tp2\pdcurs36\x64\debug\addchstr.obj
c:\users\fguimond\source\repos\tp2\pdcurs36\x64\debug\addstr.obj
c:\users\fguimond\source\repos\tp2\pdcurs36\x64\debug\attr.obj
c:\users\fguimond\source\repos\tp2\pdcurs36\x64\debug\beep.obj
c:\users\fguimond\source\repos\tp2\pdcurs36\x64\debug\bkgd.obj
c:\users\fguimond\source\repos\tp2\pdcurs36\x64\debug\border.obj
c:\users\fguimond\source\repos\tp2\pdcurs36\x64\debug\clear.obj
c:\users\fguimond\source\repos\tp2\pdcurs36\x64\debug\color.obj
c:\users\fguimond\source\repos\tp2\x64\debug\pdcurs36.lib
u:\algo\tp2\pdcurs36\x64\debug\addch.obj
u:\algo\tp2\pdcurs36\x64\debug\addchstr.obj
u:\algo\tp2\pdcurs36\x64\debug\addstr.obj
u:\algo\tp2\pdcurs36\x64\debug\attr.obj
u:\algo\tp2\pdcurs36\x64\debug\beep.obj
u:\algo\tp2\pdcurs36\x64\debug\bkgd.obj
u:\algo\tp2\pdcurs36\x64\debug\border.obj
u:\algo\tp2\pdcurs36\x64\debug\clear.obj
u:\algo\tp2\pdcurs36\x64\debug\color.obj
u:\algo\tp2\pdcurs36\x64\debug\debug.obj
u:\algo\tp2\pdcurs36\x64\debug\delch.obj
u:\algo\tp2\pdcurs36\x64\debug\deleteln.obj
u:\algo\tp2\pdcurs36\x64\debug\deprec.obj
u:\algo\tp2\pdcurs36\x64\debug\getch.obj
u:\algo\tp2\pdcurs36\x64\debug\getstr.obj
u:\algo\tp2\pdcurs36\x64\debug\getyx.obj
u:\algo\tp2\pdcurs36\x64\debug\inch.obj
u:\algo\tp2\pdcurs36\x64\debug\inchstr.obj
u:\algo\tp2\pdcurs36\x64\debug\initscr.obj
u:\algo\tp2\pdcurs36\x64\debug\inopts.obj
u:\algo\tp2\pdcurs36\x64\debug\insch.obj
u:\algo\tp2\pdcurs36\x64\debug\insstr.obj
u:\algo\tp2\pdcurs36\x64\debug\instr.obj
u:\algo\tp2\pdcurs36\x64\debug\kernel.obj
u:\algo\tp2\pdcurs36\x64\debug\keyname.obj
u:\algo\tp2\pdcurs36\x64\debug\mouse.obj
u:\algo\tp2\pdcurs36\x64\debug\move.obj
u:\algo\tp2\pdcurs36\x64\debug\outopts.obj
u:\algo\tp2\pdcurs36\x64\debug\overlay.obj
u:\algo\tp2\pdcurs36\x64\debug\pad.obj
u:\algo\tp2\pdcurs36\x64\debug\panel.obj
u:\algo\tp2\pdcurs36\x64\debug\pdcclip.obj
u:\algo\tp2\pdcurs36\x64\debug\pdcdisp.obj
u:\algo\tp2\pdcurs36\x64\debug\pdcgetsc.obj
u:\algo\tp2\pdcurs36\x64\debug\pdckbd.obj
u:\algo\tp2\pdcurs36\x64\debug\pdcscrn.obj
u:\algo\tp2\pdcurs36\x64\debug\pdcsetsc.obj
u:\algo\tp2\pdcurs36\x64\debug\pdcutil.obj
u:\algo\tp2\pdcurs36\x64\debug\printw.obj
u:\algo\tp2\pdcurs36\x64\debug\refresh.obj
u:\algo\tp2\pdcurs36\x64\debug\scanw.obj
u:\algo\tp2\pdcurs36\x64\debug\scroll.obj
u:\algo\tp2\pdcurs36\x64\debug\scr_dump.obj
u:\algo\tp2\pdcurs36\x64\debug\slk.obj
u:\algo\tp2\pdcurs36\x64\debug\termattr.obj
u:\algo\tp2\pdcurs36\x64\debug\terminfo.obj
u:\algo\tp2\pdcurs36\x64\debug\touch.obj
u:\algo\tp2\pdcurs36\x64\debug\util.obj
u:\algo\tp2\pdcurs36\x64\debug\window.obj
u:\algo\tp2\pdcurs36\x64\debug\pdcurs36.idb
u:\algo\tp2\pdcurs36\x64\debug\pdcurs36.pdb
u:\algo\tp2\pdcurs36\x64\debug\pdcurs36.tlog\cl.command.1.tlog
u:\algo\tp2\pdcurs36\x64\debug\pdcurs36.tlog\cl.read.1.tlog
u:\algo\tp2\pdcurs36\x64\debug\pdcurs36.tlog\cl.write.1.tlog
u:\algo\tp2\pdcurs36\x64\debug\pdcurs36.tlog\lib-link.read.1.tlog
u:\algo\tp2\pdcurs36\x64\debug\pdcurs36.tlog\lib-link.write.1.tlog
u:\algo\tp2\pdcurs36\x64\debug\pdcurs36.tlog\lib.command.1.tlog
